<?xml version="1.0" encoding="UTF-8"?>
<testsuite name="com.kodilla.stream.portfolio.BoardTestSuite" tests="5" skipped="0" failures="0" errors="0" timestamp="2021-01-28T10:32:45" hostname="WIN-KOMPUTER" time="0.076">
  <properties/>
  <testcase name="testAddTaskList()" classname="com.kodilla.stream.portfolio.BoardTestSuite" time="0.024"/>
  <testcase name="Calculating average the number of days from the task request to the current day" classname="com.kodilla.stream.portfolio.BoardTestSuite" time="0.011"/>
  <testcase name="testAddTaskListFindUsersTasks()" classname="com.kodilla.stream.portfolio.BoardTestSuite" time="0.004"/>
  <testcase name="testAddTaskListFindLongTasks()" classname="com.kodilla.stream.portfolio.BoardTestSuite" time="0.012"/>
  <testcase name="testAddTaskListFindOutdatedTasks()" classname="com.kodilla.stream.portfolio.BoardTestSuite" time="0.016"/>
  <system-out><![CDATA[]]></system-out>
  <system-err><![CDATA[]]></system-err>
</testsuite>
