<?xml version="1.0" encoding="UTF-8"?>
<testsuite name="com.kodilla.stream.world.WorldTestSuite" tests="1" skipped="0" failures="0" errors="0" timestamp="2021-01-28T10:32:45" hostname="WIN-KOMPUTER" time="0.008">
  <properties/>
  <testcase name="Test of calulate population in the world" classname="com.kodilla.stream.world.WorldTestSuite" time="0.008"/>
  <system-out><![CDATA[]]></system-out>
  <system-err><![CDATA[]]></system-err>
</testsuite>
