<?xml version="1.0" encoding="UTF-8"?>
<testsuite name="Tests statistics for Users" tests="2" skipped="0" failures="0" errors="0" timestamp="2021-01-21T11:39:48" hostname="WIN-KOMPUTER" time="1.212">
  <properties/>
  <testcase name="testStatisticsFor100Users()" classname="com.kodilla.testing.forum.statistics.ForumStatisticsTestSuite$TestsStatisticsForUsers" time="1.207"/>
  <testcase name="testStatisticsFor0Users()" classname="com.kodilla.testing.forum.statistics.ForumStatisticsTestSuite$TestsStatisticsForUsers" time="0.004"/>
  <system-out><![CDATA[Test number #1
Test number #2
]]></system-out>
  <system-err><![CDATA[]]></system-err>
</testsuite>
