<?xml version="1.0" encoding="UTF-8"?>
<testsuite name="Test the comments" tests="4" skipped="0" failures="0" errors="0" timestamp="2021-01-21T11:39:49" hostname="WIN-KOMPUTER" time="0.019">
  <properties/>
  <testcase name="testRemovePostNotExisting()" classname="com.kodilla.testing.forum.tdd.ForumTestSuite$TheComments" time="0.007"/>
  <testcase name="testRemoveCommentNotExisting()" classname="com.kodilla.testing.forum.tdd.ForumTestSuite$TheComments" time="0.003"/>
  <testcase name="testRemoveComment()" classname="com.kodilla.testing.forum.tdd.ForumTestSuite$TheComments" time="0.002"/>
  <testcase name="testRemovePost()" classname="com.kodilla.testing.forum.tdd.ForumTestSuite$TheComments" time="0.002"/>
  <system-out><![CDATA[Preparing to execute test #1
Preparing to execute test #2
Preparing to execute test #3
Preparing to execute test #4
]]></system-out>
  <system-err><![CDATA[]]></system-err>
</testsuite>
