<?xml version="1.0" encoding="UTF-8"?>
<testsuite name="Tests statistics for Comments" tests="3" skipped="0" failures="0" errors="0" timestamp="2021-01-21T11:39:49" hostname="WIN-KOMPUTER" time="0.024">
  <properties/>
  <testcase name="testStatisticsFor0Comments()" classname="com.kodilla.testing.forum.statistics.ForumStatisticsTestSuite$TestsStatisticsForComments" time="0.007"/>
  <testcase name="testStatisticsForCommentsLessThanPosts()" classname="com.kodilla.testing.forum.statistics.ForumStatisticsTestSuite$TestsStatisticsForComments" time="0.007"/>
  <testcase name="testStatisticsForCommentsMoreThanPosts()" classname="com.kodilla.testing.forum.statistics.ForumStatisticsTestSuite$TestsStatisticsForComments" time="0.005"/>
  <system-out><![CDATA[Test number #3
Test number #4
Test number #5
]]></system-out>
  <system-err><![CDATA[]]></system-err>
</testsuite>
