<?xml version="1.0" encoding="UTF-8"?>
<testsuite name="Test the posts" tests="4" skipped="0" failures="0" errors="0" timestamp="2021-01-21T11:39:49" hostname="WIN-KOMPUTER" time="0.01">
  <properties/>
  <testcase name="testAddPost()" classname="com.kodilla.testing.forum.tdd.ForumTestSuite$ThePosts" time="0.001"/>
  <testcase name="testGetPost()" classname="com.kodilla.testing.forum.tdd.ForumTestSuite$ThePosts" time="0.001"/>
  <testcase name="testGetComment()" classname="com.kodilla.testing.forum.tdd.ForumTestSuite$ThePosts" time="0.002"/>
  <testcase name="testAddComment()" classname="com.kodilla.testing.forum.tdd.ForumTestSuite$ThePosts" time="0.002"/>
  <system-out><![CDATA[Preparing to execute test #5
Preparing to execute test #6
Preparing to execute test #7
Preparing to execute test #8
]]></system-out>
  <system-err><![CDATA[]]></system-err>
</testsuite>
