<?xml version="1.0" encoding="UTF-8"?>
<testsuite name="Tests statistics for Posts" tests="2" skipped="0" failures="0" errors="0" timestamp="2021-01-21T11:39:49" hostname="WIN-KOMPUTER" time="0.015">
  <properties/>
  <testcase name="testStatisticsFor1000Posts()" classname="com.kodilla.testing.forum.statistics.ForumStatisticsTestSuite$TestsStatisticsForPosts" time="0.009"/>
  <testcase name="testStatisticsFor0Posts()" classname="com.kodilla.testing.forum.statistics.ForumStatisticsTestSuite$TestsStatisticsForPosts" time="0.005"/>
  <system-out><![CDATA[Test number #6
Test number #7
]]></system-out>
  <system-err><![CDATA[]]></system-err>
</testsuite>
