<?xml version="1.0" encoding="UTF-8"?>
<testsuite name="test add figure" tests="1" skipped="0" failures="0" errors="0" timestamp="2021-01-21T11:39:49" hostname="WIN-KOMPUTER" time="0.001">
  <properties/>
  <testcase name="testAddFigure()" classname="com.kodilla.testing.shape.ShapeCollectorTestSuite$AddFigure" time="0.001"/>
  <system-out><![CDATA[]]></system-out>
  <system-err><![CDATA[]]></system-err>
</testsuite>
