<?xml version="1.0" encoding="UTF-8"?>
<testsuite name="com.kodilla.testing.forum.ForumTestSuite" tests="2" skipped="0" failures="0" errors="0" timestamp="2021-01-21T11:39:48" hostname="WIN-KOMPUTER" time="0.01">
  <properties/>
  <testcase name="When created SimpleUser with name, then getUsername should return correct name" classname="com.kodilla.testing.forum.ForumTestSuite" time="0.005"/>
  <testcase name="when create SimpleUser with realName, then getRealName should return real user name" classname="com.kodilla.testing.forum.ForumTestSuite" time="0.004"/>
  <system-out><![CDATA[Test Suite: begin
Test Case: begin
Test Case: end
Test Case: begin
Testing John Smith
Test Case: end
Test Suite: end
]]></system-out>
  <system-err><![CDATA[]]></system-err>
</testsuite>
